0 info it worked if it ends with ok
1 verbose cli [ '/usr/bin/node', '/usr/bin/npm', 'run', 'dev' ]
2 info using npm@3.5.2
3 info using node@v8.10.0
4 verbose run-script [ 'predev', 'dev', 'postdev' ]
5 info lifecycle pixiv-toolkits@1.0.0~predev: pixiv-toolkits@1.0.0
6 silly lifecycle pixiv-toolkits@1.0.0~predev: no script for predev, continuing
7 info lifecycle pixiv-toolkits@1.0.0~dev: pixiv-toolkits@1.0.0
8 verbose lifecycle pixiv-toolkits@1.0.0~dev: unsafe-perm in lifecycle true
9 verbose lifecycle pixiv-toolkits@1.0.0~dev: PATH: /usr/share/npm/bin/node-gyp-bin:/mnt/d/workspaces/webext-pixiv-toolkit/node_modules/.bin:/home/leo/.vscode-server/bin/b37e54c98e1a74ba89e03073e5a3761284e3ffb0/bin:/usr/local/sbin:/usr/local/bin:/usr/sbin:/usr/bin:/sbin:/bin:/usr/games:/usr/local/games:/mnt/c/Program Files/WindowsApps/CanonicalGroupLimited.UbuntuonWindows_1804.2019.521.0_x64__79rhkp1fndgsc:/mnt/c/Program Files/Java/jdk-12.0.1/bin:/mnt/c/WINDOWS/system32:/mnt/c/WINDOWS:/mnt/c/WINDOWS/System32/Wbem:/mnt/c/WINDOWS/System32/WindowsPowerShell/v1.0/:/mnt/c/WINDOWS/System32/OpenSSH/:/mnt/d/programs/php7.2:/mnt/c/ProgramData/ComposerSetup/bin:/mnt/c/Users/默认用户/AppData/Local/Microsoft/WindowsApps:/mnt/c/Users/??????/AppData/Local/Programs/Microsoft VS Code/bin:/mnt/d/programs/php7.2/:/mnt/d/programs/Nginx:/mnt/e/Program Files/Git/bin:/mnt/e/Program Files/nodejs:/mnt/c/Users/??????/AppData/Roaming/Composer/vendor/bin:/mnt/c/Users/默认用户/AppData/Local/JetBrains/IntelliJ IDEA Community Edition 2019.1.3/bin:/mnt/d/programs/apache-maven-3.6.1/bin:/mnt/c/Users/??????/AppData/Roaming/npm:/mnt/e/Program Files (x86)/mitmproxy/bin:/mnt/e/Program Files (x86)/dex-tools-2.0/dex2jar-2.0:/mnt/e/Program Files (x86)/apktool:/mnt/c/Users/默认用户/AppData/Local/Programs/Microsoft VS Code/bin:/mnt/e/Program Files/ffmepg/bin:/snap/bin
10 verbose lifecycle pixiv-toolkits@1.0.0~dev: CWD: /mnt/d/workspaces/webext-pixiv-toolkit
11 silly lifecycle pixiv-toolkits@1.0.0~dev: Args: [ '-c',
11 silly lifecycle   'webpack --watch --progress --config webpack.config.js' ]
12 silly lifecycle pixiv-toolkits@1.0.0~dev: Returned: code: 1  signal: null
13 info lifecycle pixiv-toolkits@1.0.0~dev: Failed to exec dev script
14 verbose stack Error: pixiv-toolkits@1.0.0 dev: `webpack --watch --progress --config webpack.config.js`
14 verbose stack Exit status 1
14 verbose stack     at EventEmitter.<anonymous> (/usr/share/npm/lib/utils/lifecycle.js:232:16)
14 verbose stack     at emitTwo (events.js:126:13)
14 verbose stack     at EventEmitter.emit (events.js:214:7)
14 verbose stack     at ChildProcess.<anonymous> (/usr/share/npm/lib/utils/spawn.js:24:14)
14 verbose stack     at emitTwo (events.js:126:13)
14 verbose stack     at ChildProcess.emit (events.js:214:7)
14 verbose stack     at maybeClose (internal/child_process.js:925:16)
14 verbose stack     at Process.ChildProcess._handle.onexit (internal/child_process.js:209:5)
15 verbose pkgid pixiv-toolkits@1.0.0
16 verbose cwd /mnt/d/workspaces/webext-pixiv-toolkit
17 error Linux 4.4.0-18362-Microsoft
18 error argv "/usr/bin/node" "/usr/bin/npm" "run" "dev"
19 error node v8.10.0
20 error npm  v3.5.2
21 error code ELIFECYCLE
22 error pixiv-toolkits@1.0.0 dev: `webpack --watch --progress --config webpack.config.js`
22 error Exit status 1
23 error Failed at the pixiv-toolkits@1.0.0 dev script 'webpack --watch --progress --config webpack.config.js'.
23 error Make sure you have the latest version of node.js and npm installed.
23 error If you do, this is most likely a problem with the pixiv-toolkits package,
23 error not with npm itself.
23 error Tell the author that this fails on your system:
23 error     webpack --watch --progress --config webpack.config.js
23 error You can get information on how to open an issue for this project with:
23 error     npm bugs pixiv-toolkits
23 error Or if that isn't available, you can get their info via:
23 error     npm owner ls pixiv-toolkits
23 error There is likely additional logging output above.
24 verbose exit [ 1, true ]
